2025-04-04 02:03:02,475 - ClawBackend - INFO - Starting application...
2025-04-04 02:04:01,112 - ClawBackend - INFO - Shutting down application...
2025-04-04 02:04:03,072 - ClawBackend - INFO - Starting application...
2025-04-04 02:05:45,627 - ClawBackend - INFO - Shutting down application...
2025-04-04 02:05:47,901 - ClawBackend - INFO - Starting application...
2025-04-04 02:05:53,992 - ClawBackend - INFO - Shutting down application...
2025-04-04 02:05:55,933 - ClawBackend - INFO - Starting application...
2025-04-04 02:05:58,029 - ClawBackend - INFO - Starting application...
2025-04-04 02:11:38,959 - ClawBackend - INFO - Fetching top 50 cryptos
2025-04-04 02:11:38,960 - ClawBackend - ERROR - Crypto list error: 'RedisCache' object has no attribute 'get'
2025-04-04 02:18:53,239 - ClawBackend - INFO - Shutting down application...
2025-04-04 02:19:00,689 - ClawBackend - INFO - Starting application...
2025-04-04 02:20:41,266 - ClawBackend - INFO - Fetching top 50 cryptos
2025-04-04 02:20:41,271 - ClawBackend - ERROR - Crypto list error: object NoneType can't be used in 'await' expression
2025-04-04 02:28:53,784 - ClawBackend - INFO - Shutting down application...
2025-04-04 02:34:01,767 - ClawBackend - INFO - Shutting down application...
2025-04-04 02:38:33,575 - ClawBackend - INFO - Starting application...
2025-04-04 02:39:37,118 - ClawBackend - INFO - Shutting down application...
2025-04-04 02:39:39,121 - ClawBackend - INFO - Starting application...
2025-04-04 02:40:09,678 - ClawBackend - INFO - Fetching top 50 cryptos
2025-04-04 02:40:09,684 - ClawBackend - ERROR - Crypto list error: object NoneType can't be used in 'await' expression
2025-04-04 02:40:09,788 - ClawBackend - INFO - Shutting down application...
2025-04-04 02:40:11,830 - ClawBackend - INFO - Starting application...
2025-04-04 02:47:11,298 - ClawBackend - INFO - Starting application...
2025-04-04 02:48:16,418 - ClawBackend - INFO - Fetching top 50 cryptos
2025-04-04 02:48:16,422 - ClawBackend - ERROR - Crypto list error: object NoneType can't be used in 'await' expression
2025-04-04 03:07:37,472 - ClawBackend - INFO - Shutting down application...
2025-04-04 03:07:47,117 - ClawBackend - INFO - Starting application...
2025-04-04 03:08:10,902 - ClawBackend - INFO - Shutting down application...
2025-04-04 03:08:12,848 - ClawBackend - INFO - Starting application...
2025-04-04 03:08:15,138 - ClawBackend - INFO - Starting application...
2025-04-04 03:08:52,674 - ClawBackend - INFO - Starting application...
2025-04-04 03:09:46,936 - ClawBackend - INFO - Fetching top 50 cryptos
2025-04-04 03:09:47,238 - ClawBackend - ERROR - Crypto list error: 'AsyncClient' object does not support the asynchronous context manager protocol
2025-04-04 03:27:02,702 - ClawBackend - INFO - Shutting down application...
2025-04-04 03:27:04,965 - ClawBackend - INFO - Starting application...
2025-04-04 03:27:06,830 - ClawBackend - INFO - Starting application...
2025-04-04 03:29:24,997 - ClawBackend - INFO - Starting application...
2025-04-04 03:30:11,958 - ClawBackend - INFO - Fetching top 50 cryptos
2025-04-04 03:30:11,962 - ClawBackend - ERROR - Crypto list error: object NoneType can't be used in 'await' expression
2025-04-04 03:30:34,148 - ClawBackend - INFO - Fetching top 50 cryptos
2025-04-04 03:30:34,151 - ClawBackend - ERROR - Crypto list error: object NoneType can't be used in 'await' expression
2025-04-04 03:31:35,699 - ClawBackend - INFO - Shutting down application...
2025-04-04 03:31:37,894 - ClawBackend - INFO - Starting application...
2025-04-04 03:31:39,767 - ClawBackend - INFO - Starting application...
2025-04-04 03:31:56,497 - ClawBackend - INFO - Fetching top 50 cryptos
2025-04-04 03:31:56,498 - ClawBackend - ERROR - Crypto list error: the JSON object must be str, bytes or bytearray, not coroutine
2025-04-04 03:32:23,717 - ClawBackend - INFO - Shutting down application...
2025-04-04 03:32:25,912 - ClawBackend - INFO - Starting application...
2025-04-04 03:32:27,959 - ClawBackend - INFO - Starting application...
2025-04-04 03:32:31,995 - ClawBackend - INFO - Fetching top 50 cryptos
2025-04-04 03:32:31,996 - ClawBackend - ERROR - Crypto list error: the JSON object must be str, bytes or bytearray, not coroutine
2025-04-04 03:32:32,102 - ClawBackend - INFO - Shutting down application...
2025-04-04 03:32:34,137 - ClawBackend - INFO - Starting application...
2025-04-04 03:33:55,981 - ClawBackend - INFO - Shutting down application...
2025-04-04 03:33:58,090 - ClawBackend - INFO - Starting application...
2025-04-04 03:34:08,849 - ClawBackend - INFO - Fetching top 50 cryptos
2025-04-04 03:34:23,087 - ClawBackend - INFO - Shutting down application...
2025-04-04 03:34:25,191 - ClawBackend - INFO - Starting application...
2025-04-04 03:35:18,961 - ClawBackend - INFO - Shutting down application...
2025-04-04 03:35:21,074 - ClawBackend - INFO - Starting application...
2025-04-04 03:35:31,458 - ClawBackend - INFO - Fetching top 10 cryptos
2025-04-04 03:36:46,417 - ClawBackend - INFO - Fetching top 10 cryptos
2025-04-04 03:37:09,631 - ClawBackend - INFO - Fetching top 20 cryptos
2025-04-04 03:37:23,509 - ClawBackend - INFO - Fetching top 20 cryptos
2025-04-04 03:37:40,281 - ClawBackend - INFO - Shutting down application...
2025-04-04 03:37:43,710 - ClawBackend - INFO - Starting application...
2025-04-04 03:37:57,568 - ClawBackend - INFO - Fetching top 20 cryptos
